16-Jul-2018 01:01:52.245 INFO [106] hudson.model.AsyncPeriodicWork$1.run Started maven-repo-cleanup
16-Jul-2018 01:01:52.256 INFO [jenkins.util.Timer [#7]] hudson.model.AsyncPeriodicWork.doRun maven-repo-cleanup thread is still running. Execution aborted.
16-Jul-2018 01:01:52.405 INFO [106] hudson.model.AsyncPeriodicWork$1.run Finished maven-repo-cleanup. 7 ms
16-Jul-2018 01:01:52.427 INFO [jenkins.util.Timer [#7]] hudson.model.AsyncPeriodicWork.doRun maven-repo-cleanup thread is still running. Execution aborted.
16-Jul-2018 01:01:52.430 INFO [jenkins.util.Timer [#7]] hudson.model.AsyncPeriodicWork.doRun maven-repo-cleanup thread is still running. Execution aborted.
16-Jul-2018 01:01:52.432 INFO [jenkins.util.Timer [#7]] hudson.model.AsyncPeriodicWork.doRun maven-repo-cleanup thread is still running. Execution aborted.
16-Jul-2018 01:01:52.432 INFO [jenkins.util.Timer [#7]] hudson.model.AsyncPeriodicWork.doRun maven-repo-cleanup thread is still running. Execution aborted.
16-Jul-2018 01:01:52.424 INFO [Workspace clean-up thread] hudson.model.AsyncPeriodicWork$1.run Started Workspace clean-up
16-Jul-2018 01:01:53.554 WARNING [JmDNS(Saswati-PC.local.).State.Timer] javax.jmdns.impl.tasks.state.DNSStateTask.run Renewer(Saswati-PC.local.).run() exception 
 java.net.NoRouteToHostException: No route to host: Datagram send failed
	at java.net.TwoStacksPlainDatagramSocketImpl.send(Native Method)
	at java.net.DatagramSocket.send(DatagramSocket.java:693)
	at javax.jmdns.impl.JmDNSImpl.send(JmDNSImpl.java:1537)
	at javax.jmdns.impl.tasks.state.DNSStateTask.run(DNSStateTask.java:131)
	at java.util.TimerThread.mainLoop(Timer.java:555)
	at java.util.TimerThread.run(Timer.java:505)

16-Jul-2018 01:01:53.557 WARNING [Saswati-PC.local..recover()] javax.jmdns.impl.JmDNSImpl.__recover RECOVERING
16-Jul-2018 01:01:54.616 WARNING [JmDNS(Saswati-PC.local.).State.Timer] javax.jmdns.impl.tasks.state.DNSStateTask.run Canceler(Saswati-PC.local.).run() exception 
 java.net.NoRouteToHostException: No route to host: Datagram send failed
	at java.net.TwoStacksPlainDatagramSocketImpl.send(Native Method)
	at java.net.DatagramSocket.send(DatagramSocket.java:693)
	at javax.jmdns.impl.JmDNSImpl.send(JmDNSImpl.java:1537)
	at javax.jmdns.impl.tasks.state.DNSStateTask.run(DNSStateTask.java:131)
	at java.util.TimerThread.mainLoop(Timer.java:555)
	at java.util.TimerThread.run(Timer.java:505)

16-Jul-2018 01:01:54.635 INFO [Workspace clean-up thread] hudson.model.AsyncPeriodicWork$1.run Finished Workspace clean-up. 2,199 ms
16-Jul-2018 01:01:59.633 WARNING [Saswati-PC.local..recover()] javax.jmdns.impl.DNSStatefulObject$DefaultImplementation.waitForCanceled Wait for canceled timed out: DNS: Saswati-PC.local. state: canceling 1 task: null
16-Jul-2018 01:02:04.636 WARNING [Saswati-PC.local..recover()] javax.jmdns.impl.DNSStatefulObject$DefaultImplementation.waitForCanceled Wait for canceled timed out: DNS: Saswati-PC.local. state: canceling 1 task: null
16-Jul-2018 01:02:09.637 WARNING [Saswati-PC.local..recover()] javax.jmdns.impl.DNSStatefulObject$DefaultImplementation.waitForCanceled Wait for canceled timed out: DNS: Saswati-PC.local. state: canceling 1 task: null
16-Jul-2018 01:02:14.640 WARNING [Saswati-PC.local..recover()] javax.jmdns.impl.DNSStatefulObject$DefaultImplementation.waitForCanceled Wait for canceled timed out: DNS: Saswati-PC.local. state: canceling 1 task: null
16-Jul-2018 01:02:16.760 WARNING [Saswati-PC.local..recover()] javax.jmdns.impl.JmDNSImpl.__recover Saswati-PC.local.recover() Could not recover we are Down!
16-Jul-2018 09:53:33.624 INFO [jenkins.util.Timer [#3]] hudson.model.AsyncPeriodicWork.doRun maven-repo-cleanup thread is still running. Execution aborted.
16-Jul-2018 09:53:45.252 INFO [maven-repo-cleanup thread] hudson.model.AsyncPeriodicWork$1.run Started maven-repo-cleanup
16-Jul-2018 09:53:45.254 INFO [jenkins.util.Timer [#3]] hudson.model.AsyncPeriodicWork.doRun maven-repo-cleanup thread is still running. Execution aborted.
16-Jul-2018 09:53:45.255 INFO [jenkins.util.Timer [#3]] hudson.model.AsyncPeriodicWork.doRun maven-repo-cleanup thread is still running. Execution aborted.
16-Jul-2018 09:53:45.255 INFO [jenkins.util.Timer [#3]] hudson.model.AsyncPeriodicWork.doRun maven-repo-cleanup thread is still running. Execution aborted.
16-Jul-2018 09:53:45.256 INFO [jenkins.util.Timer [#3]] hudson.model.AsyncPeriodicWork.doRun maven-repo-cleanup thread is still running. Execution aborted.
16-Jul-2018 09:53:45.256 INFO [jenkins.util.Timer [#3]] hudson.model.AsyncPeriodicWork.doRun maven-repo-cleanup thread is still running. Execution aborted.
16-Jul-2018 09:53:45.256 INFO [jenkins.util.Timer [#3]] hudson.model.AsyncPeriodicWork.doRun maven-repo-cleanup thread is still running. Execution aborted.
16-Jul-2018 09:53:45.256 INFO [jenkins.util.Timer [#3]] hudson.model.AsyncPeriodicWork.doRun maven-repo-cleanup thread is still running. Execution aborted.
16-Jul-2018 09:53:45.330 INFO [maven-repo-cleanup thread] hudson.model.AsyncPeriodicWork$1.run Finished maven-repo-cleanup. 73 ms
16-Jul-2018 10:28:33.513 INFO [maven-repo-cleanup thread] hudson.model.AsyncPeriodicWork$1.run Started maven-repo-cleanup
16-Jul-2018 10:28:33.517 INFO [maven-repo-cleanup thread] hudson.model.AsyncPeriodicWork$1.run Finished maven-repo-cleanup. 1 ms
16-Jul-2018 10:52:28.609 INFO [Handling GET /jenkins/configureTools/ from 0:0:0:0:0:0:0:1 : http-nio-8080-exec-5 GlobalPipelineMavenConfig/config.jelly] org.jenkinsci.plugins.pipeline.maven.dao.PipelineMavenPluginH2Dao.<init> Open database jdbc:h2:file:C:\Users\Saswati\.jenkins\jenkins-jobs\jenkins-jobs;AUTO_SERVER=TRUE;MULTI_THREADED=1;QUERY_CACHE_SIZE=25;JMX=TRUE
16-Jul-2018 10:52:42.783 INFO [Handling GET /jenkins/configureTools/ from 0:0:0:0:0:0:0:1 : http-nio-8080-exec-5 GlobalPipelineMavenConfig/config.jelly] org.jenkinsci.plugins.pipeline.maven.db.migration.h2.MigrationStep10.execute Upgrade table JENKINS_JOB...
16-Jul-2018 10:52:42.784 INFO [Handling GET /jenkins/configureTools/ from 0:0:0:0:0:0:0:1 : http-nio-8080-exec-5 GlobalPipelineMavenConfig/config.jelly] org.jenkinsci.plugins.pipeline.maven.db.migration.h2.MigrationStep10.execute Successfully upgraded table JENKINS_JOB, 0 records upgraded
16-Jul-2018 10:52:42.820 INFO [Handling GET /jenkins/configureTools/ from 0:0:0:0:0:0:0:1 : http-nio-8080-exec-5 GlobalPipelineMavenConfig/config.jelly] org.jenkinsci.plugins.pipeline.maven.db.migration.h2.MigrationStep11.execute Upgrade table JENKINS_BUILD_UPSTREAM_CAUSE...
16-Jul-2018 10:52:42.823 INFO [Handling GET /jenkins/configureTools/ from 0:0:0:0:0:0:0:1 : http-nio-8080-exec-5 GlobalPipelineMavenConfig/config.jelly] org.jenkinsci.plugins.pipeline.maven.db.migration.h2.MigrationStep11.execute Successfully upgraded table JENKINS_BUILD_UPSTREAM_CAUSE, 0 jobs scanned, 0 job causes inserted
16-Jul-2018 10:52:42.827 INFO [Handling GET /jenkins/configureTools/ from 0:0:0:0:0:0:0:1 : http-nio-8080-exec-5 GlobalPipelineMavenConfig/config.jelly] org.jenkinsci.plugins.pipeline.maven.dao.PipelineMavenPluginH2Dao.initializeDatabase Database successfully migrated from version 0 to version 11
16-Jul-2018 10:58:00.296 INFO [Executor #1 for master : executing DEMO #3] hudson.model.Run.execute DEMO #3 main build action completed: SUCCESS
16-Jul-2018 11:28:33.603 INFO [maven-repo-cleanup thread] hudson.model.AsyncPeriodicWork$1.run Started maven-repo-cleanup
16-Jul-2018 11:28:33.606 INFO [maven-repo-cleanup thread] hudson.model.AsyncPeriodicWork$1.run Finished maven-repo-cleanup. 2 ms
16-Jul-2018 11:50:52.074 WARNING [Handling GET /jenkins/depgraph-view/graph.png from 0:0:0:0:0:0:0:1 : http-nio-8080-exec-9] hudson.init.impl.InstallUncaughtExceptionHandler.lambda$init$0 null
 java.io.IOException: Cannot run program "dot.exe": CreateProcess error=2, The system cannot find the file specified
	at java.lang.ProcessBuilder.start(ProcessBuilder.java:1048)
	at hudson.Proc$LocalProc.<init>(Proc.java:249)
	at hudson.Proc$LocalProc.<init>(Proc.java:218)
	at hudson.Launcher$LocalLauncher.launch(Launcher.java:929)
	at hudson.Launcher$ProcStarter.start(Launcher.java:449)
	at hudson.plugins.depgraph_view.AbstractDependencyGraphAction.runDot(AbstractDependencyGraphAction.java:154)
	at hudson.plugins.depgraph_view.AbstractDependencyGraphAction.doDynamic(AbstractDependencyGraphAction.java:133)
	at java.lang.invoke.MethodHandle.invokeWithArguments(MethodHandle.java:627)
	at org.kohsuke.stapler.Function$MethodFunction.invoke(Function.java:343)
	at org.kohsuke.stapler.Function.bindAndInvoke(Function.java:184)
	at org.kohsuke.stapler.Function.bindAndInvokeAndServeResponse(Function.java:117)
	at org.kohsuke.stapler.MetaClass$11.dispatch(MetaClass.java:397)
	at org.kohsuke.stapler.Stapler.tryInvoke(Stapler.java:715)
	at org.kohsuke.stapler.Stapler.invoke(Stapler.java:845)
	at org.kohsuke.stapler.MetaClass$10.dispatch(MetaClass.java:374)
	at org.kohsuke.stapler.Stapler.tryInvoke(Stapler.java:715)
	at org.kohsuke.stapler.Stapler.invoke(Stapler.java:845)
	at org.kohsuke.stapler.Stapler.tryInvoke(Stapler.java:782)
	at org.kohsuke.stapler.Stapler.invoke(Stapler.java:845)
	at org.kohsuke.stapler.Stapler.invoke(Stapler.java:649)
	at org.kohsuke.stapler.Stapler.service(Stapler.java:238)
	at javax.servlet.http.HttpServlet.service(HttpServlet.java:742)
	at org.apache.catalina.core.ApplicationFilterChain.internalDoFilter(ApplicationFilterChain.java:231)
	at org.apache.catalina.core.ApplicationFilterChain.doFilter(ApplicationFilterChain.java:166)
	at org.apache.tomcat.websocket.server.WsFilter.doFilter(WsFilter.java:52)
	at org.apache.catalina.core.ApplicationFilterChain.internalDoFilter(ApplicationFilterChain.java:193)
	at org.apache.catalina.core.ApplicationFilterChain.doFilter(ApplicationFilterChain.java:166)
	at hudson.util.PluginServletFilter$1.doFilter(PluginServletFilter.java:154)
	at io.jenkins.blueocean.ResourceCacheControl.doFilter(ResourceCacheControl.java:134)
	at hudson.util.PluginServletFilter$1.doFilter(PluginServletFilter.java:151)
	at io.jenkins.blueocean.auth.jwt.impl.JwtAuthenticationFilter.doFilter(JwtAuthenticationFilter.java:61)
	at hudson.util.PluginServletFilter$1.doFilter(PluginServletFilter.java:151)
	at hudson.util.PluginServletFilter.doFilter(PluginServletFilter.java:157)
	at org.apache.catalina.core.ApplicationFilterChain.internalDoFilter(ApplicationFilterChain.java:193)
	at org.apache.catalina.core.ApplicationFilterChain.doFilter(ApplicationFilterChain.java:166)
	at hudson.security.csrf.CrumbFilter.doFilter(CrumbFilter.java:105)
	at org.apache.catalina.core.ApplicationFilterChain.internalDoFilter(ApplicationFilterChain.java:193)
	at org.apache.catalina.core.ApplicationFilterChain.doFilter(ApplicationFilterChain.java:166)
	at hudson.security.ChainedServletFilter$1.doFilter(ChainedServletFilter.java:84)
	at hudson.security.UnwrapSecurityExceptionFilter.doFilter(UnwrapSecurityExceptionFilter.java:51)
	at hudson.security.ChainedServletFilter$1.doFilter(ChainedServletFilter.java:87)
	at jenkins.security.ExceptionTranslationFilter.doFilter(ExceptionTranslationFilter.java:117)
	at hudson.security.ChainedServletFilter$1.doFilter(ChainedServletFilter.java:87)
	at org.acegisecurity.providers.anonymous.AnonymousProcessingFilter.doFilter(AnonymousProcessingFilter.java:125)
	at hudson.security.ChainedServletFilter$1.doFilter(ChainedServletFilter.java:87)
	at org.acegisecurity.ui.rememberme.RememberMeProcessingFilter.doFilter(RememberMeProcessingFilter.java:142)
	at hudson.security.ChainedServletFilter$1.doFilter(ChainedServletFilter.java:87)
	at org.acegisecurity.ui.AbstractProcessingFilter.doFilter(AbstractProcessingFilter.java:271)
	at hudson.security.ChainedServletFilter$1.doFilter(ChainedServletFilter.java:87)
	at jenkins.security.BasicHeaderProcessor.doFilter(BasicHeaderProcessor.java:93)
	at hudson.security.ChainedServletFilter$1.doFilter(ChainedServletFilter.java:87)
	at org.acegisecurity.context.HttpSessionContextIntegrationFilter.doFilter(HttpSessionContextIntegrationFilter.java:249)
	at hudson.security.HttpSessionContextIntegrationFilter2.doFilter(HttpSessionContextIntegrationFilter2.java:67)
	at hudson.security.ChainedServletFilter$1.doFilter(ChainedServletFilter.java:87)
	at hudson.security.ChainedServletFilter.doFilter(ChainedServletFilter.java:90)
	at hudson.security.HudsonFilter.doFilter(HudsonFilter.java:171)
	at org.apache.catalina.core.ApplicationFilterChain.internalDoFilter(ApplicationFilterChain.java:193)
	at org.apache.catalina.core.ApplicationFilterChain.doFilter(ApplicationFilterChain.java:166)
	at org.kohsuke.stapler.compression.CompressionFilter.doFilter(CompressionFilter.java:49)
	at org.apache.catalina.core.ApplicationFilterChain.internalDoFilter(ApplicationFilterChain.java:193)
	at org.apache.catalina.core.ApplicationFilterChain.doFilter(ApplicationFilterChain.java:166)
	at hudson.util.CharacterEncodingFilter.doFilter(CharacterEncodingFilter.java:82)
	at org.apache.catalina.core.ApplicationFilterChain.internalDoFilter(ApplicationFilterChain.java:193)
	at org.apache.catalina.core.ApplicationFilterChain.doFilter(ApplicationFilterChain.java:166)
	at org.kohsuke.stapler.DiagnosticThreadNameFilter.doFilter(DiagnosticThreadNameFilter.java:30)
	at org.apache.catalina.core.ApplicationFilterChain.internalDoFilter(ApplicationFilterChain.java:193)
	at org.apache.catalina.core.ApplicationFilterChain.doFilter(ApplicationFilterChain.java:166)
	at org.apache.catalina.core.StandardWrapperValve.invoke(StandardWrapperValve.java:198)
	at org.apache.catalina.core.StandardContextValve.invoke(StandardContextValve.java:96)
	at org.apache.catalina.authenticator.AuthenticatorBase.invoke(AuthenticatorBase.java:613)
	at org.apache.catalina.core.StandardHostValve.invoke(StandardHostValve.java:140)
	at org.apache.catalina.valves.ErrorReportValve.invoke(ErrorReportValve.java:81)
	at org.apache.catalina.valves.AbstractAccessLogValve.invoke(AbstractAccessLogValve.java:650)
	at org.apache.catalina.core.StandardEngineValve.invoke(StandardEngineValve.java:87)
	at org.apache.catalina.connector.CoyoteAdapter.service(CoyoteAdapter.java:342)
	at org.apache.coyote.http11.Http11Processor.service(Http11Processor.java:803)
	at org.apache.coyote.AbstractProcessorLight.process(AbstractProcessorLight.java:66)
	at org.apache.coyote.AbstractProtocol$ConnectionHandler.process(AbstractProtocol.java:790)
	at org.apache.tomcat.util.net.NioEndpoint$SocketProcessor.doRun(NioEndpoint.java:1468)
	at org.apache.tomcat.util.net.SocketProcessorBase.run(SocketProcessorBase.java:49)
	at java.util.concurrent.ThreadPoolExecutor.runWorker(ThreadPoolExecutor.java:1149)
	at java.util.concurrent.ThreadPoolExecutor$Worker.run(ThreadPoolExecutor.java:624)
	at org.apache.tomcat.util.threads.TaskThread$WrappingRunnable.run(TaskThread.java:61)
	at java.lang.Thread.run(Thread.java:748)
Caused by: java.io.IOException: CreateProcess error=2, The system cannot find the file specified
	at java.lang.ProcessImpl.create(Native Method)
	at java.lang.ProcessImpl.<init>(ProcessImpl.java:386)
	at java.lang.ProcessImpl.start(ProcessImpl.java:137)
	at java.lang.ProcessBuilder.start(ProcessBuilder.java:1029)
	... 83 more

16-Jul-2018 11:50:52.268 WARNING [http-nio-8080-exec-9] hudson.init.impl.InstallUncaughtExceptionHandler.lambda$init$0 null
 java.io.IOException: Cannot run program "dot.exe": CreateProcess error=2, The system cannot find the file specified
	at java.lang.ProcessBuilder.start(ProcessBuilder.java:1048)
	at hudson.Proc$LocalProc.<init>(Proc.java:249)
	at hudson.Proc$LocalProc.<init>(Proc.java:218)
	at hudson.Launcher$LocalLauncher.launch(Launcher.java:929)
	at hudson.Launcher$ProcStarter.start(Launcher.java:449)
	at hudson.plugins.depgraph_view.AbstractDependencyGraphAction.runDot(AbstractDependencyGraphAction.java:154)
	at hudson.plugins.depgraph_view.AbstractDependencyGraphAction.doDynamic(AbstractDependencyGraphAction.java:133)
	at java.lang.invoke.MethodHandle.invokeWithArguments(MethodHandle.java:627)
	at org.kohsuke.stapler.Function$MethodFunction.invoke(Function.java:343)
	at org.kohsuke.stapler.Function.bindAndInvoke(Function.java:184)
	at org.kohsuke.stapler.Function.bindAndInvokeAndServeResponse(Function.java:117)
	at org.kohsuke.stapler.MetaClass$11.dispatch(MetaClass.java:397)
	at org.kohsuke.stapler.Stapler.tryInvoke(Stapler.java:715)
	at org.kohsuke.stapler.Stapler.invoke(Stapler.java:845)
	at org.kohsuke.stapler.MetaClass$10.dispatch(MetaClass.java:374)
	at org.kohsuke.stapler.Stapler.tryInvoke(Stapler.java:715)
	at org.kohsuke.stapler.Stapler.invoke(Stapler.java:845)
	at org.kohsuke.stapler.Stapler.tryInvoke(Stapler.java:782)
	at org.kohsuke.stapler.Stapler.invoke(Stapler.java:845)
	at org.kohsuke.stapler.Stapler.invoke(Stapler.java:649)
	at org.kohsuke.stapler.Stapler.service(Stapler.java:238)
	at javax.servlet.http.HttpServlet.service(HttpServlet.java:742)
	at org.apache.catalina.core.ApplicationFilterChain.internalDoFilter(ApplicationFilterChain.java:231)
	at org.apache.catalina.core.ApplicationFilterChain.doFilter(ApplicationFilterChain.java:166)
	at org.apache.tomcat.websocket.server.WsFilter.doFilter(WsFilter.java:52)
	at org.apache.catalina.core.ApplicationFilterChain.internalDoFilter(ApplicationFilterChain.java:193)
	at org.apache.catalina.core.ApplicationFilterChain.doFilter(ApplicationFilterChain.java:166)
	at hudson.util.PluginServletFilter$1.doFilter(PluginServletFilter.java:154)
	at io.jenkins.blueocean.ResourceCacheControl.doFilter(ResourceCacheControl.java:134)
	at hudson.util.PluginServletFilter$1.doFilter(PluginServletFilter.java:151)
	at io.jenkins.blueocean.auth.jwt.impl.JwtAuthenticationFilter.doFilter(JwtAuthenticationFilter.java:61)
	at hudson.util.PluginServletFilter$1.doFilter(PluginServletFilter.java:151)
	at hudson.util.PluginServletFilter.doFilter(PluginServletFilter.java:157)
	at org.apache.catalina.core.ApplicationFilterChain.internalDoFilter(ApplicationFilterChain.java:193)
	at org.apache.catalina.core.ApplicationFilterChain.doFilter(ApplicationFilterChain.java:166)
	at hudson.security.csrf.CrumbFilter.doFilter(CrumbFilter.java:105)
	at org.apache.catalina.core.ApplicationFilterChain.internalDoFilter(ApplicationFilterChain.java:193)
	at org.apache.catalina.core.ApplicationFilterChain.doFilter(ApplicationFilterChain.java:166)
	at hudson.security.ChainedServletFilter$1.doFilter(ChainedServletFilter.java:84)
	at hudson.security.UnwrapSecurityExceptionFilter.doFilter(UnwrapSecurityExceptionFilter.java:51)
	at hudson.security.ChainedServletFilter$1.doFilter(ChainedServletFilter.java:87)
	at jenkins.security.ExceptionTranslationFilter.doFilter(ExceptionTranslationFilter.java:117)
	at hudson.security.ChainedServletFilter$1.doFilter(ChainedServletFilter.java:87)
	at org.acegisecurity.providers.anonymous.AnonymousProcessingFilter.doFilter(AnonymousProcessingFilter.java:125)
	at hudson.security.ChainedServletFilter$1.doFilter(ChainedServletFilter.java:87)
	at org.acegisecurity.ui.rememberme.RememberMeProcessingFilter.doFilter(RememberMeProcessingFilter.java:142)
	at hudson.security.ChainedServletFilter$1.doFilter(ChainedServletFilter.java:87)
	at org.acegisecurity.ui.AbstractProcessingFilter.doFilter(AbstractProcessingFilter.java:271)
	at hudson.security.ChainedServletFilter$1.doFilter(ChainedServletFilter.java:87)
	at jenkins.security.BasicHeaderProcessor.doFilter(BasicHeaderProcessor.java:93)
	at hudson.security.ChainedServletFilter$1.doFilter(ChainedServletFilter.java:87)
	at org.acegisecurity.context.HttpSessionContextIntegrationFilter.doFilter(HttpSessionContextIntegrationFilter.java:249)
	at hudson.security.HttpSessionContextIntegrationFilter2.doFilter(HttpSessionContextIntegrationFilter2.java:67)
	at hudson.security.ChainedServletFilter$1.doFilter(ChainedServletFilter.java:87)
	at hudson.security.ChainedServletFilter.doFilter(ChainedServletFilter.java:90)
	at hudson.security.HudsonFilter.doFilter(HudsonFilter.java:171)
	at org.apache.catalina.core.ApplicationFilterChain.internalDoFilter(ApplicationFilterChain.java:193)
	at org.apache.catalina.core.ApplicationFilterChain.doFilter(ApplicationFilterChain.java:166)
	at org.kohsuke.stapler.compression.CompressionFilter.doFilter(CompressionFilter.java:49)
	at org.apache.catalina.core.ApplicationFilterChain.internalDoFilter(ApplicationFilterChain.java:193)
	at org.apache.catalina.core.ApplicationFilterChain.doFilter(ApplicationFilterChain.java:166)
	at hudson.util.CharacterEncodingFilter.doFilter(CharacterEncodingFilter.java:82)
	at org.apache.catalina.core.ApplicationFilterChain.internalDoFilter(ApplicationFilterChain.java:193)
	at org.apache.catalina.core.ApplicationFilterChain.doFilter(ApplicationFilterChain.java:166)
	at org.kohsuke.stapler.DiagnosticThreadNameFilter.doFilter(DiagnosticThreadNameFilter.java:30)
	at org.apache.catalina.core.ApplicationFilterChain.internalDoFilter(ApplicationFilterChain.java:193)
	at org.apache.catalina.core.ApplicationFilterChain.doFilter(ApplicationFilterChain.java:166)
	at org.apache.catalina.core.StandardWrapperValve.invoke(StandardWrapperValve.java:198)
	at org.apache.catalina.core.StandardContextValve.invoke(StandardContextValve.java:96)
	at org.apache.catalina.authenticator.AuthenticatorBase.invoke(AuthenticatorBase.java:613)
	at org.apache.catalina.core.StandardHostValve.invoke(StandardHostValve.java:140)
	at org.apache.catalina.valves.ErrorReportValve.invoke(ErrorReportValve.java:81)
	at org.apache.catalina.valves.AbstractAccessLogValve.invoke(AbstractAccessLogValve.java:650)
	at org.apache.catalina.core.StandardEngineValve.invoke(StandardEngineValve.java:87)
	at org.apache.catalina.connector.CoyoteAdapter.service(CoyoteAdapter.java:342)
	at org.apache.coyote.http11.Http11Processor.service(Http11Processor.java:803)
	at org.apache.coyote.AbstractProcessorLight.process(AbstractProcessorLight.java:66)
	at org.apache.coyote.AbstractProtocol$ConnectionHandler.process(AbstractProtocol.java:790)
	at org.apache.tomcat.util.net.NioEndpoint$SocketProcessor.doRun(NioEndpoint.java:1468)
	at org.apache.tomcat.util.net.SocketProcessorBase.run(SocketProcessorBase.java:49)
	at java.util.concurrent.ThreadPoolExecutor.runWorker(ThreadPoolExecutor.java:1149)
	at java.util.concurrent.ThreadPoolExecutor$Worker.run(ThreadPoolExecutor.java:624)
	at org.apache.tomcat.util.threads.TaskThread$WrappingRunnable.run(TaskThread.java:61)
	at java.lang.Thread.run(Thread.java:748)
Caused by: java.io.IOException: CreateProcess error=2, The system cannot find the file specified
	at java.lang.ProcessImpl.create(Native Method)
	at java.lang.ProcessImpl.<init>(ProcessImpl.java:386)
	at java.lang.ProcessImpl.start(ProcessImpl.java:137)
	at java.lang.ProcessBuilder.start(ProcessBuilder.java:1029)
	... 83 more

16-Jul-2018 11:50:55.793 WARNING [Handling GET /jenkins/depgraph-view/graph.png from 0:0:0:0:0:0:0:1 : http-nio-8080-exec-5] hudson.init.impl.InstallUncaughtExceptionHandler.lambda$init$0 null
 java.io.IOException: Cannot run program "dot.exe": CreateProcess error=2, The system cannot find the file specified
	at java.lang.ProcessBuilder.start(ProcessBuilder.java:1048)
	at hudson.Proc$LocalProc.<init>(Proc.java:249)
	at hudson.Proc$LocalProc.<init>(Proc.java:218)
	at hudson.Launcher$LocalLauncher.launch(Launcher.java:929)
	at hudson.Launcher$ProcStarter.start(Launcher.java:449)
	at hudson.plugins.depgraph_view.AbstractDependencyGraphAction.runDot(AbstractDependencyGraphAction.java:154)
	at hudson.plugins.depgraph_view.AbstractDependencyGraphAction.doDynamic(AbstractDependencyGraphAction.java:133)
	at java.lang.invoke.MethodHandle.invokeWithArguments(MethodHandle.java:627)
	at org.kohsuke.stapler.Function$MethodFunction.invoke(Function.java:343)
	at org.kohsuke.stapler.Function.bindAndInvoke(Function.java:184)
	at org.kohsuke.stapler.Function.bindAndInvokeAndServeResponse(Function.java:117)
	at org.kohsuke.stapler.MetaClass$11.dispatch(MetaClass.java:397)
	at org.kohsuke.stapler.Stapler.tryInvoke(Stapler.java:715)
	at org.kohsuke.stapler.Stapler.invoke(Stapler.java:845)
	at org.kohsuke.stapler.MetaClass$10.dispatch(MetaClass.java:374)
	at org.kohsuke.stapler.Stapler.tryInvoke(Stapler.java:715)
	at org.kohsuke.stapler.Stapler.invoke(Stapler.java:845)
	at org.kohsuke.stapler.Stapler.tryInvoke(Stapler.java:782)
	at org.kohsuke.stapler.Stapler.invoke(Stapler.java:845)
	at org.kohsuke.stapler.Stapler.invoke(Stapler.java:649)
	at org.kohsuke.stapler.Stapler.service(Stapler.java:238)
	at javax.servlet.http.HttpServlet.service(HttpServlet.java:742)
	at org.apache.catalina.core.ApplicationFilterChain.internalDoFilter(ApplicationFilterChain.java:231)
	at org.apache.catalina.core.ApplicationFilterChain.doFilter(ApplicationFilterChain.java:166)
	at org.apache.tomcat.websocket.server.WsFilter.doFilter(WsFilter.java:52)
	at org.apache.catalina.core.ApplicationFilterChain.internalDoFilter(ApplicationFilterChain.java:193)
	at org.apache.catalina.core.ApplicationFilterChain.doFilter(ApplicationFilterChain.java:166)
	at hudson.util.PluginServletFilter$1.doFilter(PluginServletFilter.java:154)
	at io.jenkins.blueocean.ResourceCacheControl.doFilter(ResourceCacheControl.java:134)
	at hudson.util.PluginServletFilter$1.doFilter(PluginServletFilter.java:151)
	at io.jenkins.blueocean.auth.jwt.impl.JwtAuthenticationFilter.doFilter(JwtAuthenticationFilter.java:61)
	at hudson.util.PluginServletFilter$1.doFilter(PluginServletFilter.java:151)
	at hudson.util.PluginServletFilter.doFilter(PluginServletFilter.java:157)
	at org.apache.catalina.core.ApplicationFilterChain.internalDoFilter(ApplicationFilterChain.java:193)
	at org.apache.catalina.core.ApplicationFilterChain.doFilter(ApplicationFilterChain.java:166)
	at hudson.security.csrf.CrumbFilter.doFilter(CrumbFilter.java:105)
	at org.apache.catalina.core.ApplicationFilterChain.internalDoFilter(ApplicationFilterChain.java:193)
	at org.apache.catalina.core.ApplicationFilterChain.doFilter(ApplicationFilterChain.java:166)
	at hudson.security.ChainedServletFilter$1.doFilter(ChainedServletFilter.java:84)
	at hudson.security.UnwrapSecurityExceptionFilter.doFilter(UnwrapSecurityExceptionFilter.java:51)
	at hudson.security.ChainedServletFilter$1.doFilter(ChainedServletFilter.java:87)
	at jenkins.security.ExceptionTranslationFilter.doFilter(ExceptionTranslationFilter.java:117)
	at hudson.security.ChainedServletFilter$1.doFilter(ChainedServletFilter.java:87)
	at org.acegisecurity.providers.anonymous.AnonymousProcessingFilter.doFilter(AnonymousProcessingFilter.java:125)
	at hudson.security.ChainedServletFilter$1.doFilter(ChainedServletFilter.java:87)
	at org.acegisecurity.ui.rememberme.RememberMeProcessingFilter.doFilter(RememberMeProcessingFilter.java:142)
	at hudson.security.ChainedServletFilter$1.doFilter(ChainedServletFilter.java:87)
	at org.acegisecurity.ui.AbstractProcessingFilter.doFilter(AbstractProcessingFilter.java:271)
	at hudson.security.ChainedServletFilter$1.doFilter(ChainedServletFilter.java:87)
	at jenkins.security.BasicHeaderProcessor.doFilter(BasicHeaderProcessor.java:93)
	at hudson.security.ChainedServletFilter$1.doFilter(ChainedServletFilter.java:87)
	at org.acegisecurity.context.HttpSessionContextIntegrationFilter.doFilter(HttpSessionContextIntegrationFilter.java:249)
	at hudson.security.HttpSessionContextIntegrationFilter2.doFilter(HttpSessionContextIntegrationFilter2.java:67)
	at hudson.security.ChainedServletFilter$1.doFilter(ChainedServletFilter.java:87)
	at hudson.security.ChainedServletFilter.doFilter(ChainedServletFilter.java:90)
	at hudson.security.HudsonFilter.doFilter(HudsonFilter.java:171)
	at org.apache.catalina.core.ApplicationFilterChain.internalDoFilter(ApplicationFilterChain.java:193)
	at org.apache.catalina.core.ApplicationFilterChain.doFilter(ApplicationFilterChain.java:166)
	at org.kohsuke.stapler.compression.CompressionFilter.doFilter(CompressionFilter.java:49)
	at org.apache.catalina.core.ApplicationFilterChain.internalDoFilter(ApplicationFilterChain.java:193)
	at org.apache.catalina.core.ApplicationFilterChain.doFilter(ApplicationFilterChain.java:166)
	at hudson.util.CharacterEncodingFilter.doFilter(CharacterEncodingFilter.java:82)
	at org.apache.catalina.core.ApplicationFilterChain.internalDoFilter(ApplicationFilterChain.java:193)
	at org.apache.catalina.core.ApplicationFilterChain.doFilter(ApplicationFilterChain.java:166)
	at org.kohsuke.stapler.DiagnosticThreadNameFilter.doFilter(DiagnosticThreadNameFilter.java:30)
	at org.apache.catalina.core.ApplicationFilterChain.internalDoFilter(ApplicationFilterChain.java:193)
	at org.apache.catalina.core.ApplicationFilterChain.doFilter(ApplicationFilterChain.java:166)
	at org.apache.catalina.core.StandardWrapperValve.invoke(StandardWrapperValve.java:198)
	at org.apache.catalina.core.StandardContextValve.invoke(StandardContextValve.java:96)
	at org.apache.catalina.authenticator.AuthenticatorBase.invoke(AuthenticatorBase.java:613)
	at org.apache.catalina.core.StandardHostValve.invoke(StandardHostValve.java:140)
	at org.apache.catalina.valves.ErrorReportValve.invoke(ErrorReportValve.java:81)
	at org.apache.catalina.valves.AbstractAccessLogValve.invoke(AbstractAccessLogValve.java:650)
	at org.apache.catalina.core.StandardEngineValve.invoke(StandardEngineValve.java:87)
	at org.apache.catalina.connector.CoyoteAdapter.service(CoyoteAdapter.java:342)
	at org.apache.coyote.http11.Http11Processor.service(Http11Processor.java:803)
	at org.apache.coyote.AbstractProcessorLight.process(AbstractProcessorLight.java:66)
	at org.apache.coyote.AbstractProtocol$ConnectionHandler.process(AbstractProtocol.java:790)
	at org.apache.tomcat.util.net.NioEndpoint$SocketProcessor.doRun(NioEndpoint.java:1468)
	at org.apache.tomcat.util.net.SocketProcessorBase.run(SocketProcessorBase.java:49)
	at java.util.concurrent.ThreadPoolExecutor.runWorker(ThreadPoolExecutor.java:1149)
	at java.util.concurrent.ThreadPoolExecutor$Worker.run(ThreadPoolExecutor.java:624)
	at org.apache.tomcat.util.threads.TaskThread$WrappingRunnable.run(TaskThread.java:61)
	at java.lang.Thread.run(Thread.java:748)
Caused by: java.io.IOException: CreateProcess error=2, The system cannot find the file specified
	at java.lang.ProcessImpl.create(Native Method)
	at java.lang.ProcessImpl.<init>(ProcessImpl.java:386)
	at java.lang.ProcessImpl.start(ProcessImpl.java:137)
	at java.lang.ProcessBuilder.start(ProcessBuilder.java:1029)
	... 83 more

16-Jul-2018 11:50:55.938 WARNING [Handling GET /jenkins/depgraph-view/graph.map from 0:0:0:0:0:0:0:1 : http-nio-8080-exec-2] hudson.init.impl.InstallUncaughtExceptionHandler.lambda$init$0 null
 java.io.IOException: Cannot run program "dot.exe": CreateProcess error=2, The system cannot find the file specified
	at java.lang.ProcessBuilder.start(ProcessBuilder.java:1048)
	at hudson.Proc$LocalProc.<init>(Proc.java:249)
	at hudson.Proc$LocalProc.<init>(Proc.java:218)
	at hudson.Launcher$LocalLauncher.launch(Launcher.java:929)
	at hudson.Launcher$ProcStarter.start(Launcher.java:449)
	at hudson.plugins.depgraph_view.AbstractDependencyGraphAction.runDot(AbstractDependencyGraphAction.java:154)
	at hudson.plugins.depgraph_view.AbstractDependencyGraphAction.doDynamic(AbstractDependencyGraphAction.java:133)
	at java.lang.invoke.MethodHandle.invokeWithArguments(MethodHandle.java:627)
	at org.kohsuke.stapler.Function$MethodFunction.invoke(Function.java:343)
	at org.kohsuke.stapler.Function.bindAndInvoke(Function.java:184)
	at org.kohsuke.stapler.Function.bindAndInvokeAndServeResponse(Function.java:117)
	at org.kohsuke.stapler.MetaClass$11.dispatch(MetaClass.java:397)
	at org.kohsuke.stapler.Stapler.tryInvoke(Stapler.java:715)
	at org.kohsuke.stapler.Stapler.invoke(Stapler.java:845)
	at org.kohsuke.stapler.MetaClass$10.dispatch(MetaClass.java:374)
	at org.kohsuke.stapler.Stapler.tryInvoke(Stapler.java:715)
	at org.kohsuke.stapler.Stapler.invoke(Stapler.java:845)
	at org.kohsuke.stapler.Stapler.tryInvoke(Stapler.java:782)
	at org.kohsuke.stapler.Stapler.invoke(Stapler.java:845)
	at org.kohsuke.stapler.Stapler.invoke(Stapler.java:649)
	at org.kohsuke.stapler.Stapler.service(Stapler.java:238)
	at javax.servlet.http.HttpServlet.service(HttpServlet.java:742)
	at org.apache.catalina.core.ApplicationFilterChain.internalDoFilter(ApplicationFilterChain.java:231)
	at org.apache.catalina.core.ApplicationFilterChain.doFilter(ApplicationFilterChain.java:166)
	at org.apache.tomcat.websocket.server.WsFilter.doFilter(WsFilter.java:52)
	at org.apache.catalina.core.ApplicationFilterChain.internalDoFilter(ApplicationFilterChain.java:193)
	at org.apache.catalina.core.ApplicationFilterChain.doFilter(ApplicationFilterChain.java:166)
	at hudson.util.PluginServletFilter$1.doFilter(PluginServletFilter.java:154)
	at io.jenkins.blueocean.ResourceCacheControl.doFilter(ResourceCacheControl.java:134)
	at hudson.util.PluginServletFilter$1.doFilter(PluginServletFilter.java:151)
	at io.jenkins.blueocean.auth.jwt.impl.JwtAuthenticationFilter.doFilter(JwtAuthenticationFilter.java:61)
	at hudson.util.PluginServletFilter$1.doFilter(PluginServletFilter.java:151)
	at hudson.util.PluginServletFilter.doFilter(PluginServletFilter.java:157)
	at org.apache.catalina.core.ApplicationFilterChain.internalDoFilter(ApplicationFilterChain.java:193)
	at org.apache.catalina.core.ApplicationFilterChain.doFilter(ApplicationFilterChain.java:166)
	at hudson.security.csrf.CrumbFilter.doFilter(CrumbFilter.java:105)
	at org.apache.catalina.core.ApplicationFilterChain.internalDoFilter(ApplicationFilterChain.java:193)
	at org.apache.catalina.core.ApplicationFilterChain.doFilter(ApplicationFilterChain.java:166)
	at hudson.security.ChainedServletFilter$1.doFilter(ChainedServletFilter.java:84)
	at hudson.security.UnwrapSecurityExceptionFilter.doFilter(UnwrapSecurityExceptionFilter.java:51)
	at hudson.security.ChainedServletFilter$1.doFilter(ChainedServletFilter.java:87)
	at jenkins.security.ExceptionTranslationFilter.doFilter(ExceptionTranslationFilter.java:117)
	at hudson.security.ChainedServletFilter$1.doFilter(ChainedServletFilter.java:87)
	at org.acegisecurity.providers.anonymous.AnonymousProcessingFilter.doFilter(AnonymousProcessingFilter.java:125)
	at hudson.security.ChainedServletFilter$1.doFilter(ChainedServletFilter.java:87)
	at org.acegisecurity.ui.rememberme.RememberMeProcessingFilter.doFilter(RememberMeProcessingFilter.java:142)
	at hudson.security.ChainedServletFilter$1.doFilter(ChainedServletFilter.java:87)
	at org.acegisecurity.ui.AbstractProcessingFilter.doFilter(AbstractProcessingFilter.java:271)
	at hudson.security.ChainedServletFilter$1.doFilter(ChainedServletFilter.java:87)
	at jenkins.security.BasicHeaderProcessor.doFilter(BasicHeaderProcessor.java:93)
	at hudson.security.ChainedServletFilter$1.doFilter(ChainedServletFilter.java:87)
	at org.acegisecurity.context.HttpSessionContextIntegrationFilter.doFilter(HttpSessionContextIntegrationFilter.java:249)
	at hudson.security.HttpSessionContextIntegrationFilter2.doFilter(HttpSessionContextIntegrationFilter2.java:67)
	at hudson.security.ChainedServletFilter$1.doFilter(ChainedServletFilter.java:87)
	at hudson.security.ChainedServletFilter.doFilter(ChainedServletFilter.java:90)
	at hudson.security.HudsonFilter.doFilter(HudsonFilter.java:171)
	at org.apache.catalina.core.ApplicationFilterChain.internalDoFilter(ApplicationFilterChain.java:193)
	at org.apache.catalina.core.ApplicationFilterChain.doFilter(ApplicationFilterChain.java:166)
	at org.kohsuke.stapler.compression.CompressionFilter.doFilter(CompressionFilter.java:49)
	at org.apache.catalina.core.ApplicationFilterChain.internalDoFilter(ApplicationFilterChain.java:193)
	at org.apache.catalina.core.ApplicationFilterChain.doFilter(ApplicationFilterChain.java:166)
	at hudson.util.CharacterEncodingFilter.doFilter(CharacterEncodingFilter.java:82)
	at org.apache.catalina.core.ApplicationFilterChain.internalDoFilter(ApplicationFilterChain.java:193)
	at org.apache.catalina.core.ApplicationFilterChain.doFilter(ApplicationFilterChain.java:166)
	at org.kohsuke.stapler.DiagnosticThreadNameFilter.doFilter(DiagnosticThreadNameFilter.java:30)
	at org.apache.catalina.core.ApplicationFilterChain.internalDoFilter(ApplicationFilterChain.java:193)
	at org.apache.catalina.core.ApplicationFilterChain.doFilter(ApplicationFilterChain.java:166)
	at org.apache.catalina.core.StandardWrapperValve.invoke(StandardWrapperValve.java:198)
	at org.apache.catalina.core.StandardContextValve.invoke(StandardContextValve.java:96)
	at org.apache.catalina.authenticator.AuthenticatorBase.invoke(AuthenticatorBase.java:613)
	at org.apache.catalina.core.StandardHostValve.invoke(StandardHostValve.java:140)
	at org.apache.catalina.valves.ErrorReportValve.invoke(ErrorReportValve.java:81)
	at org.apache.catalina.valves.AbstractAccessLogValve.invoke(AbstractAccessLogValve.java:650)
	at org.apache.catalina.core.StandardEngineValve.invoke(StandardEngineValve.java:87)
	at org.apache.catalina.connector.CoyoteAdapter.service(CoyoteAdapter.java:342)
	at org.apache.coyote.http11.Http11Processor.service(Http11Processor.java:803)
	at org.apache.coyote.AbstractProcessorLight.process(AbstractProcessorLight.java:66)
	at org.apache.coyote.AbstractProtocol$ConnectionHandler.process(AbstractProtocol.java:790)
	at org.apache.tomcat.util.net.NioEndpoint$SocketProcessor.doRun(NioEndpoint.java:1468)
	at org.apache.tomcat.util.net.SocketProcessorBase.run(SocketProcessorBase.java:49)
	at java.util.concurrent.ThreadPoolExecutor.runWorker(ThreadPoolExecutor.java:1149)
	at java.util.concurrent.ThreadPoolExecutor$Worker.run(ThreadPoolExecutor.java:624)
	at org.apache.tomcat.util.threads.TaskThread$WrappingRunnable.run(TaskThread.java:61)
	at java.lang.Thread.run(Thread.java:748)
Caused by: java.io.IOException: CreateProcess error=2, The system cannot find the file specified
	at java.lang.ProcessImpl.create(Native Method)
	at java.lang.ProcessImpl.<init>(ProcessImpl.java:386)
	at java.lang.ProcessImpl.start(ProcessImpl.java:137)
	at java.lang.ProcessBuilder.start(ProcessBuilder.java:1029)
	... 83 more

16-Jul-2018 12:28:33.694 INFO [maven-repo-cleanup thread] hudson.model.AsyncPeriodicWork$1.run Started maven-repo-cleanup
16-Jul-2018 12:28:33.725 INFO [maven-repo-cleanup thread] hudson.model.AsyncPeriodicWork$1.run Finished maven-repo-cleanup. 30 ms
16-Jul-2018 12:31:03.282 INFO [jobAnalytics thread] hudson.model.AsyncPeriodicWork$1.run Started jobAnalytics
16-Jul-2018 12:31:03.285 INFO [jobAnalytics thread] hudson.model.AsyncPeriodicWork$1.run Finished jobAnalytics. 1 ms
